build/app/outputs/mapping/release/mapping.txt
# compiler: R8
# compiler_version: 3.3.70
# min_api: 21
# common_typos_disable
# {"id":"com.android.tools.r8.mapping","version":"2.0"}
# pg_map_id: b257f2c
# pg_map_hash: SHA-256 b257f2ccb6dc0376c765b54fc47f6d1b5c541779c24067a9daf3df6a05054682
...
kotlin.coroutines.CoroutineContext$DefaultImpls -> e0.g$a:
    kotlin.coroutines.CoroutineContext plus(kotlin.coroutines.CoroutineContext,kotlin.coroutines.CoroutineContext) -> a
kotlin.coroutines.CoroutineContext$Element -> e0.g$b:
kotlin.coroutines.CoroutineContext$Element$DefaultImpls -> e0.g$b$a:
    java.lang.Object fold(kotlin.coroutines.CoroutineContext$Element,java.lang.Object,kotlin.jvm.functions.Function2) -> a
    kotlin.coroutines.CoroutineContext$Element get(kotlin.coroutines.CoroutineContext$Element,kotlin.coroutines.CoroutineContext$Key) -> b
    kotlin.coroutines.CoroutineContext minusKey(kotlin.coroutines.CoroutineContext$Element,kotlin.coroutines.CoroutineContext$Key) -> c
    kotlin.coroutines.CoroutineContext plus(kotlin.coroutines.CoroutineContext$Element,kotlin.coroutines.CoroutineContext) -> d
kotlin.coroutines.CoroutineContext$Key -> e0.g$c:
kotlin.coroutines.CoroutineContext$plus$1 -> e0.g$a$a:
    kotlin.coroutines.CoroutineContext$plus$1 INSTANCE -> d
    kotlin.coroutines.CoroutineContext invoke(kotlin.coroutines.CoroutineContext,kotlin.coroutines.CoroutineContext$Element) -> a
kotlin.coroutines.EmptyCoroutineContext -> e0.h:
    kotlin.coroutines.EmptyCoroutineContext INSTANCE -> d
kotlin.coroutines.intrinsics.CoroutineSingletons -> f0.a:
    kotlin.coroutines.intrinsics.CoroutineSingletons UNDECIDED -> e
    kotlin.coroutines.intrinsics.CoroutineSingletons RESUMED -> f
    kotlin.coroutines.intrinsics.CoroutineSingletons COROUTINE_SUSPENDED -> d
    kotlin.coroutines.intrinsics.CoroutineSingletons[] $VALUES -> g
    kotlin.coroutines.intrinsics.CoroutineSingletons[] $values() -> a
kotlin.coroutines.intrinsics.IntrinsicsKt -> f0.b:
    kotlin.coroutines.Continuation createCoroutineUnintercepted(kotlin.jvm.functions.Function2,java.lang.Object,kotlin.coroutines.Continuation) -> a
      # {"id":"com.android.tools.r8.synthesized"}
    kotlin.coroutines.Continuation intercepted(kotlin.coroutines.Continuation) -> b
      # {"id":"com.android.tools.r8.synthesized"}
    java.lang.Object getCOROUTINE_SUSPENDED() -> c
      # {"id":"com.android.tools.r8.synthesized"}
kotlin.coroutines.intrinsics.IntrinsicsKt__IntrinsicsJvmKt -> f0.c:
    kotlin.coroutines.Continuation createCoroutineUnintercepted(kotlin.jvm.functions.Function2,java.lang.Object,kotlin.coroutines.Continuation) -> a
    kotlin.coroutines.Continuation intercepted(kotlin.coroutines.Continuation) -> b
kotlin.coroutines.intrinsics.IntrinsicsKt__IntrinsicsJvmKt$createCoroutineUnintercepted$$inlined$createCoroutineFromSuspendFunction$IntrinsicsKt__IntrinsicsJvmKt$3 -> f0.c$a:
    java.lang.Object $receiver$inlined -> f
    int label -> d
    kotlin.jvm.functions.Function2 $this_createCoroutineUnintercepted$inlined -> e
kotlin.coroutines.intrinsics.IntrinsicsKt__IntrinsicsJvmKt$createCoroutineUnintercepted$$inlined$createCoroutineFromSuspendFunction$IntrinsicsKt__IntrinsicsJvmKt$4 -> f0.c$b:
    java.lang.Object $receiver$inlined -> f
    int label -> d
    kotlin.jvm.functions.Function2 $this_createCoroutineUnintercepted$inlined -> e
kotlin.coroutines.intrinsics.IntrinsicsKt__IntrinsicsKt -> f0.d:
    java.lang.Object getCOROUTINE_SUSPENDED() -> c
kotlin.coroutines.jvm.internal.BaseContinuationImpl -> kotlin.coroutines.jvm.internal.a:
kotlin.coroutines.jvm.internal.Boxing -> kotlin.coroutines.jvm.internal.b:
    java.lang.Boolean boxBoolean(boolean) -> a
kotlin.coroutines.jvm.internal.CompletedContinuation -> kotlin.coroutines.jvm.internal.c:
    kotlin.coroutines.jvm.internal.CompletedContinuation INSTANCE -> d
kotlin.coroutines.jvm.internal.ContinuationImpl -> kotlin.coroutines.jvm.internal.d:
kotlin.coroutines.jvm.internal.CoroutineStackFrame -> kotlin.coroutines.jvm.internal.e:
kotlin.coroutines.jvm.internal.DebugMetadata -> kotlin.coroutines.jvm.internal.f: