build/app/outputs/mapping/release/usage.txt
com.example.jeilova.BuildConfig
com.example.jeilova.R$attr
com.example.jeilova.R$color
com.example.jeilova.R$dimen
com.example.jeilova.R$drawable
com.example.jeilova.R$id
com.example.jeilova.R$integer
com.example.jeilova.R$layout
com.example.jeilova.R$mipmap
com.example.jeilova.R$string
com.example.jeilova.R$style
com.example.jeilova.R$styleable
com.example.jeilova.R
...
androidx.annotation.XmlRes
androidx.annotation.experimental.Experimental$Level
androidx.annotation.experimental.Experimental
androidx.annotation.experimental.R
androidx.annotation.experimental.UseExperimental
androidx.arch.core.R
androidx.arch.core.executor.ArchTaskExecutor:
    public static java.util.concurrent.Executor getIOThreadExecutor()
    public static java.util.concurrent.Executor getMainThreadExecutor()
    public void setDelegate(androidx.arch.core.executor.TaskExecutor)
androidx.arch.core.executor.DefaultTaskExecutor$1:
    private static final java.lang.String THREAD_NAME_STEM
androidx.arch.core.executor.TaskExecutor:
    public void executeOnMainThread(java.lang.Runnable)
androidx.arch.core.internal.FastSafeIterableMap:
    public java.util.Map$Entry ceil(java.lang.Object)
    public java.lang.Object putIfAbsent(java.lang.Object,java.lang.Object)
androidx.arch.core.internal.SafeIterableMap$Entry:
    void <init>(java.lang.Object,java.lang.Object)
androidx.arch.core.internal.SafeIterableMap:
    protected androidx.arch.core.internal.SafeIterableMap$Entry put(java.lang.Object,java.lang.Object)
    public java.lang.Object putIfAbsent(java.lang.Object,java.lang.Object)
androidx.arch.core.util.Function
androidx.collection.ArrayMap:
    public void <init>(int)
    public void <init>(androidx.collection.SimpleArrayMap)
    public boolean containsAll(java.util.Collection)
    public boolean removeAll(java.util.Collection)
    public boolean retainAll(java.util.Collection)
androidx.collection.ArraySet$1
androidx.collection.ArraySet
androidx.collection.CircularArray
androidx.collection.CircularIntArray
androidx.collection.ContainerHelpers:
    private void <init>()
    static int binarySearch(long[],int,long)
    public static int idealByteArraySize(int)
    public static int idealIntArraySize(int)
    public static int idealLongArraySize(int)
androidx.collection.LongSparseArray
androidx.collection.LruCache
androidx.collection.SimpleArrayMap:
    private static final int BASE_SIZE
    private static final int CACHE_SIZE
    private static final boolean CONCURRENT_MODIFICATION_EXCEPTIONS
    private static final boolean DEBUG
    private static final java.lang.String TAG
    public void <init>(int)
    public void <init>(androidx.collection.SimpleArrayMap)
    public void putAll(androidx.collection.SimpleArrayMap)
androidx.collection.SparseArrayCompat
androidx.concurrent.futures.AbstractResolvableFuture$1
androidx.concurrent.futures.AbstractResolvableFuture$AtomicHelper
androidx.concurrent.futures.AbstractResolvableFuture$Cancellation
androidx.concurrent.futures.AbstractResolvableFuture$Failure$1
androidx.concurrent.futures.AbstractResolvableFuture$Failure
androidx.concurrent.futures.AbstractResolvableFuture$Listener
androidx.concurrent.futures.AbstractResolvableFuture$SafeAtomicHelper
androidx.concurrent.futures.AbstractResolvableFuture$SetFuture
androidx.concurrent.futures.AbstractResolvableFuture$SynchronizedHelper
androidx.concurrent.futures.AbstractResolvableFuture$Waiter
androidx.concurrent.futures.AbstractResolvableFuture
androidx.concurrent.futures.CallbackToFutureAdapter$Completer
androidx.concurrent.futures.CallbackToFutureAdapter$FutureGarbageCollectedException
androidx.concurrent.futures.CallbackToFutureAdapter$Resolver
androidx.concurrent.futures.CallbackToFutureAdapter$SafeFuture$1
androidx.concurrent.futures.CallbackToFutureAdapter$SafeFuture
androidx.concurrent.futures.CallbackToFutureAdapter
androidx.concurrent.futures.DirectExecutor
androidx.concurrent.futures.ResolvableFuture
androidx.core.R$attr
androidx.core.R$color
androidx.core.R$dimen
androidx.core.R$drawable
androidx.core.R$id
androidx.core.R$integer
androidx.core.R$layout
androidx.core.R$string
androidx.core.R$style
androidx.core.R$styleable
androidx.core.R
androidx.core.accessibilityservice.AccessibilityServiceInfoCompat
androidx.core.animation.AnimatorKt$addListener$1
androidx.core.animation.AnimatorKt$addListener$2